# JRE version: Java(TM) SE Runtime Environment (17.0.12+8) (build 17.0.12+8-LTS-286)
# Java VM: Java HotSpot(TM) 64-Bit Server VM (17.0.12+8-LTS-286, mixed mode, sharing, tiered, compressed oops, compressed class ptrs, g1 gc, windows-amd64)
GC Precious Log:
 CPUs: 16 total, 16 available
 Memory: 31893M
 Large Page Support: Disabled
 NUMA Support: Disabled
 Compressed Oops: Enabled (Zero based)
 Heap Region Size: 4M
 Heap Min Capacity: 8M
 Heap Initial Capacity: 500M
 Heap Max Capacity: 7976M
 Pre-touch: Disabled
 Parallel Workers: 13
 Concurrent Workers: 3
 Concurrent Refinement Workers: 13
 Periodic GC: Disabled
Heap:
 garbage-first heap   total 69632K, used 29054K [0x000000060d800000, 0x0000000800000000)
  region size 4096K, 2 young (8192K), 1 survivors (4096K)
 Metaspace       used 62669K, committed 63232K, reserved 1114112K
  class space    used 8715K, committed 8960K, reserved 1048576K
GC Heap History (20 events):
Event: 0.828 GC heap before
{Heap before GC invocations=2 (full 0):
 garbage-first heap   total 512000K, used 62224K [0x000000060d800000, 0x0000000800000000)
  region size 4096K, 14 young (57344K), 1 survivors (4096K)
 Metaspace       used 19393K, committed 19712K, reserved 1114112K
  class space    used 2367K, committed 2496K, reserved 1048576K
}
Event: 0.830 GC heap after
{Heap after GC invocations=3 (full 0):
 garbage-first heap   total 512000K, used 14019K [0x000000060d800000, 0x0000000800000000)
  region size 4096K, 2 young (8192K), 2 survivors (8192K)
 Metaspace       used 19393K, committed 19712K, reserved 1114112K
  class space    used 2367K, committed 2496K, reserved 1048576K
}
Event: 0.956 GC heap before
{Heap before GC invocations=3 (full 0):
 garbage-first heap   total 512000K, used 30403K [0x000000060d800000, 0x0000000800000000)
  region size 4096K, 7 young (28672K), 2 survivors (8192K)
 Metaspace       used 21216K, committed 21504K, reserved 1114112K
  class space    used 2604K, committed 2752K, reserved 1048576K
}
Event: 0.958 GC heap after
{Heap after GC invocations=4 (full 0):
 garbage-first heap   total 512000K, used 14849K [0x000000060d800000, 0x0000000800000000)
  region size 4096K, 2 young (8192K), 2 survivors (8192K)
 Metaspace       used 21216K, committed 21504K, reserved 1114112K
  class space    used 2604K, committed 2752K, reserved 1048576K
}
Event: 1.305 GC heap before
{Heap before GC invocations=5 (full 0):
 garbage-first heap   total 69632K, used 47617K [0x000000060d800000, 0x0000000800000000)
  region size 4096K, 10 young (40960K), 2 survivors (8192K)
 Metaspace       used 26043K, committed 26496K, reserved 1114112K
  class space    used 3329K, committed 3520K, reserved 1048576K
}
Event: 1.308 GC heap after
{Heap after GC invocations=6 (full 0):
 garbage-first heap   total 69632K, used 17608K [0x000000060d800000, 0x0000000800000000)
  region size 4096K, 2 young (8192K), 2 survivors (8192K)
 Metaspace       used 26043K, committed 26496K, reserved 1114112K
  class space    used 3329K, committed 3520K, reserved 1048576K
}
Event: 1.624 GC heap before
{Heap before GC invocations=6 (full 0):
 garbage-first heap   total 69632K, used 42184K [0x000000060d800000, 0x0000000800000000)
  region size 4096K, 8 young (32768K), 2 survivors (8192K)
 Metaspace       used 29827K, committed 30272K, reserved 1114112K
  class space    used 3804K, committed 4032K, reserved 1048576K
}
Event: 1.625 GC heap after
{Heap after GC invocations=7 (full 0):
 garbage-first heap   total 69632K, used 19269K [0x000000060d800000, 0x0000000800000000)
  region size 4096K, 1 young (4096K), 1 survivors (4096K)
 Metaspace       used 29827K, committed 30272K, reserved 1114112K
  class space    used 3804K, committed 4032K, reserved 1048576K
}
Event: 1.937 GC heap before
{Heap before GC invocations=7 (full 0):
 garbage-first heap   total 69632K, used 43845K [0x000000060d800000, 0x0000000800000000)
  region size 4096K, 7 young (28672K), 1 survivors (4096K)
 Metaspace       used 35374K, committed 35840K, reserved 1114112K
  class space    used 4659K, committed 4864K, reserved 1048576K
}
Event: 1.938 GC heap after
{Heap after GC invocations=8 (full 0):
 garbage-first heap   total 69632K, used 20228K [0x000000060d800000, 0x0000000800000000)
  region size 4096K, 1 young (4096K), 1 survivors (4096K)
 Metaspace       used 35374K, committed 35840K, reserved 1114112K
  class space    used 4659K, committed 4864K, reserved 1048576K
}
Event: 1.943 GC heap before
{Heap before GC invocations=8 (full 0):
 garbage-first heap   total 69632K, used 20228K [0x000000060d800000, 0x0000000800000000)
  region size 4096K, 2 young (8192K), 1 survivors (4096K)
 Metaspace       used 35528K, committed 35968K, reserved 1114112K
  class space    used 4687K, committed 4928K, reserved 1048576K
}
Event: 1.944 GC heap after
{Heap after GC invocations=9 (full 0):
 garbage-first heap   total 69632K, used 20229K [0x000000060d800000, 0x0000000800000000)
  region size 4096K, 1 young (4096K), 1 survivors (4096K)
 Metaspace       used 35528K, committed 35968K, reserved 1114112K
  class space    used 4687K, committed 4928K, reserved 1048576K
}
Event: 2.303 GC heap before
{Heap before GC invocations=10 (full 0):
 garbage-first heap   total 69632K, used 48901K [0x000000060d800000, 0x0000000800000000)
  region size 4096K, 8 young (32768K), 1 survivors (4096K)
 Metaspace       used 43112K, committed 43584K, reserved 1114112K
  class space    used 5738K, committed 5952K, reserved 1048576K
}
Event: 2.305 GC heap after
{Heap after GC invocations=11 (full 0):
 garbage-first heap   total 69632K, used 21949K [0x000000060d800000, 0x0000000800000000)
  region size 4096K, 1 young (4096K), 1 survivors (4096K)
 Metaspace       used 43112K, committed 43584K, reserved 1114112K
  class space    used 5738K, committed 5952K, reserved 1048576K
}
Event: 2.567 GC heap before
{Heap before GC invocations=11 (full 0):
 garbage-first heap   total 69632K, used 50621K [0x000000060d800000, 0x0000000800000000)
  region size 4096K, 8 young (32768K), 1 survivors (4096K)
 Metaspace       used 50665K, committed 51200K, reserved 1114112K
  class space    used 6914K, committed 7168K, reserved 1048576K
}
Event: 2.569 GC heap after
{Heap after GC invocations=12 (full 0):
 garbage-first heap   total 69632K, used 23234K [0x000000060d800000, 0x0000000800000000)
  region size 4096K, 1 young (4096K), 1 survivors (4096K)
 Metaspace       used 50665K, committed 51200K, reserved 1114112K
  class space    used 6914K, committed 7168K, reserved 1048576K
}
Event: 2.796 GC heap before
{Heap before GC invocations=12 (full 0):
 garbage-first heap   total 69632K, used 47810K [0x000000060d800000, 0x0000000800000000)
  region size 4096K, 7 young (28672K), 1 survivors (4096K)
 Metaspace       used 55609K, committed 56192K, reserved 1114112K
  class space    used 7648K, committed 7936K, reserved 1048576K
}
Event: 2.798 GC heap after
{Heap after GC invocations=13 (full 0):
 garbage-first heap   total 69632K, used 24741K [0x000000060d800000, 0x0000000800000000)
  region size 4096K, 1 young (4096K), 1 survivors (4096K)
 Metaspace       used 55609K, committed 56192K, reserved 1114112K
  class space    used 7648K, committed 7936K, reserved 1048576K
}
Event: 3.062 GC heap before
{Heap before GC invocations=13 (full 0):
 garbage-first heap   total 69632K, used 41125K [0x000000060d800000, 0x0000000800000000)
  region size 4096K, 7 young (28672K), 1 survivors (4096K)
 Metaspace       used 59671K, committed 60160K, reserved 1114112K
  class space    used 8213K, committed 8448K, reserved 1048576K
}
Event: 3.064 GC heap after
{Heap after GC invocations=14 (full 0):
 garbage-first heap   total 69632K, used 26748K [0x000000060d800000, 0x0000000800000000)
  region size 4096K, 1 young (4096K), 1 survivors (4096K)
 Metaspace       used 59671K, committed 60160K, reserved 1114112K
  class space    used 8213K, committed 8448K, reserved 1048576K
}

