# JRE version: Java(TM) SE Runtime Environment (17.0.12+8) (build 17.0.12+8-LTS-286)
# Java VM: Java HotSpot(TM) 64-Bit Server VM (17.0.12+8-LTS-286, mixed mode, sharing, tiered, compressed oops, compressed class ptrs, g1 gc, windows-amd64)
GC Precious Log:
 CPUs: 16 total, 16 available
 Memory: 31893M
 Large Page Support: Disabled
 NUMA Support: Disabled
 Compressed Oops: Enabled (Zero based)
 Heap Region Size: 4M
 Heap Min Capacity: 8M
 Heap Initial Capacity: 500M
 Heap Max Capacity: 7976M
 Pre-touch: Disabled
 Parallel Workers: 13
 Concurrent Workers: 3
 Concurrent Refinement Workers: 13
 Periodic GC: Disabled
Heap:
 garbage-first heap   total 69632K, used 29612K [0x000000060d800000, 0x0000000800000000)
  region size 4096K, 3 young (12288K), 1 survivors (4096K)
 Metaspace       used 59513K, committed 60096K, reserved 1114112K
  class space    used 8170K, committed 8448K, reserved 1048576K
GC Heap History (20 events):
Event: 0.726 GC heap before
{Heap before GC invocations=2 (full 0):
 garbage-first heap   total 512000K, used 53045K [0x000000060d800000, 0x0000000800000000)
  region size 4096K, 12 young (49152K), 1 survivors (4096K)
 Metaspace       used 18301K, committed 18560K, reserved 1114112K
  class space    used 2248K, committed 2368K, reserved 1048576K
}
Event: 0.727 GC heap after
{Heap after GC invocations=3 (full 0):
 garbage-first heap   total 512000K, used 11838K [0x000000060d800000, 0x0000000800000000)
  region size 4096K, 2 young (8192K), 2 survivors (8192K)
 Metaspace       used 18301K, committed 18560K, reserved 1114112K
  class space    used 2248K, committed 2368K, reserved 1048576K
}
Event: 0.961 GC heap before
{Heap before GC invocations=3 (full 0):
 garbage-first heap   total 512000K, used 40510K [0x000000060d800000, 0x0000000800000000)
  region size 4096K, 10 young (40960K), 2 survivors (8192K)
 Metaspace       used 21221K, committed 21504K, reserved 1114112K
  class space    used 2599K, committed 2688K, reserved 1048576K
}
Event: 0.962 GC heap after
{Heap after GC invocations=4 (full 0):
 garbage-first heap   total 512000K, used 13366K [0x000000060d800000, 0x0000000800000000)
  region size 4096K, 2 young (8192K), 2 survivors (8192K)
 Metaspace       used 21221K, committed 21504K, reserved 1114112K
  class space    used 2599K, committed 2688K, reserved 1048576K
}
Event: 1.270 GC heap before
{Heap before GC invocations=5 (full 0):
 garbage-first heap   total 69632K, used 46134K [0x000000060d800000, 0x0000000800000000)
  region size 4096K, 10 young (40960K), 2 survivors (8192K)
 Metaspace       used 25559K, committed 25984K, reserved 1114112K
  class space    used 3297K, committed 3520K, reserved 1048576K
}
Event: 1.272 GC heap after
{Heap after GC invocations=6 (full 0):
 garbage-first heap   total 69632K, used 15990K [0x000000060d800000, 0x0000000800000000)
  region size 4096K, 2 young (8192K), 2 survivors (8192K)
 Metaspace       used 25559K, committed 25984K, reserved 1114112K
  class space    used 3297K, committed 3520K, reserved 1048576K
}
Event: 1.335 GC heap before
{Heap before GC invocations=6 (full 0):
 garbage-first heap   total 69632K, used 20086K [0x000000060d800000, 0x0000000800000000)
  region size 4096K, 3 young (12288K), 2 survivors (8192K)
 Metaspace       used 26763K, committed 27136K, reserved 1114112K
  class space    used 3426K, committed 3584K, reserved 1048576K
}
Event: 1.338 GC heap after
{Heap after GC invocations=7 (full 0):
 garbage-first heap   total 69632K, used 16646K [0x000000060d800000, 0x0000000800000000)
  region size 4096K, 1 young (4096K), 1 survivors (4096K)
 Metaspace       used 26763K, committed 27136K, reserved 1114112K
  class space    used 3426K, committed 3584K, reserved 1048576K
}
Event: 1.682 GC heap before
{Heap before GC invocations=7 (full 0):
 garbage-first heap   total 69632K, used 45318K [0x000000060d800000, 0x0000000800000000)
  region size 4096K, 8 young (32768K), 1 survivors (4096K)
 Metaspace       used 31095K, committed 31552K, reserved 1114112K
  class space    used 3981K, committed 4224K, reserved 1048576K
}
Event: 1.683 GC heap after
{Heap after GC invocations=8 (full 0):
 garbage-first heap   total 69632K, used 17652K [0x000000060d800000, 0x0000000800000000)
  region size 4096K, 1 young (4096K), 1 survivors (4096K)
 Metaspace       used 31095K, committed 31552K, reserved 1114112K
  class space    used 3981K, committed 4224K, reserved 1048576K
}
Event: 1.876 GC heap before
{Heap before GC invocations=8 (full 0):
 garbage-first heap   total 69632K, used 38132K [0x000000060d800000, 0x0000000800000000)
  region size 4096K, 7 young (28672K), 1 survivors (4096K)
 Metaspace       used 35626K, committed 36096K, reserved 1114112K
  class space    used 4741K, committed 4992K, reserved 1048576K
}
Event: 1.877 GC heap after
{Heap after GC invocations=9 (full 0):
 garbage-first heap   total 69632K, used 18434K [0x000000060d800000, 0x0000000800000000)
  region size 4096K, 1 young (4096K), 1 survivors (4096K)
 Metaspace       used 35626K, committed 36096K, reserved 1114112K
  class space    used 4741K, committed 4992K, reserved 1048576K
}
Event: 2.195 GC heap before
{Heap before GC invocations=10 (full 0):
 garbage-first heap   total 69632K, used 47106K [0x000000060d800000, 0x0000000800000000)
  region size 4096K, 8 young (32768K), 1 survivors (4096K)
 Metaspace       used 42722K, committed 43200K, reserved 1114112K
  class space    used 5686K, committed 5952K, reserved 1048576K
}
Event: 2.196 GC heap after
{Heap after GC invocations=11 (full 0):
 garbage-first heap   total 69632K, used 20202K [0x000000060d800000, 0x0000000800000000)
  region size 4096K, 1 young (4096K), 1 survivors (4096K)
 Metaspace       used 42722K, committed 43200K, reserved 1114112K
  class space    used 5686K, committed 5952K, reserved 1048576K
}
Event: 2.421 GC heap before
{Heap before GC invocations=11 (full 0):
 garbage-first heap   total 69632K, used 48874K [0x000000060d800000, 0x0000000800000000)
  region size 4096K, 8 young (32768K), 1 survivors (4096K)
 Metaspace       used 49549K, committed 49984K, reserved 1114112K
  class space    used 6749K, committed 6976K, reserved 1048576K
}
Event: 2.423 GC heap after
{Heap after GC invocations=12 (full 0):
 garbage-first heap   total 69632K, used 21310K [0x000000060d800000, 0x0000000800000000)
  region size 4096K, 1 young (4096K), 1 survivors (4096K)
 Metaspace       used 49549K, committed 49984K, reserved 1114112K
  class space    used 6749K, committed 6976K, reserved 1048576K
}
Event: 2.630 GC heap before
{Heap before GC invocations=12 (full 0):
 garbage-first heap   total 69632K, used 49982K [0x000000060d800000, 0x0000000800000000)
  region size 4096K, 8 young (32768K), 1 survivors (4096K)
 Metaspace       used 54971K, committed 55552K, reserved 1114112K
  class space    used 7555K, committed 7808K, reserved 1048576K
}
Event: 2.632 GC heap after
{Heap after GC invocations=13 (full 0):
 garbage-first heap   total 69632K, used 23055K [0x000000060d800000, 0x0000000800000000)
  region size 4096K, 1 young (4096K), 1 survivors (4096K)
 Metaspace       used 54971K, committed 55552K, reserved 1114112K
  class space    used 7555K, committed 7808K, reserved 1048576K
}
Event: 2.929 GC heap before
{Heap before GC invocations=13 (full 0):
 garbage-first heap   total 69632K, used 51727K [0x000000060d800000, 0x0000000800000000)
  region size 4096K, 8 young (32768K), 1 survivors (4096K)
 Metaspace       used 58997K, committed 59584K, reserved 1114112K
  class space    used 8095K, committed 8384K, reserved 1048576K
}
Event: 2.931 GC heap after
{Heap after GC invocations=14 (full 0):
 garbage-first heap   total 69632K, used 25516K [0x000000060d800000, 0x0000000800000000)
  region size 4096K, 1 young (4096K), 1 survivors (4096K)
 Metaspace       used 58997K, committed 59584K, reserved 1114112K
  class space    used 8095K, committed 8384K, reserved 1048576K
}

