# JRE version: OpenJDK Runtime Environment Temurin-17.0.13+11 (17.0.13+11) (build 17.0.13+11)
# Java VM: OpenJDK 64-Bit Server VM Temurin-17.0.13+11 (17.0.13+11, mixed mode, tiered, compressed oops, compressed class ptrs, parallel gc, windows-amd64)
GC Precious Log:
 CPUs: 16 total, 16 available
 Memory: 31893M
 Large Page Support: Disabled
 NUMA Support: Disabled
 Compressed Oops: Enabled (32-bit)
 Alignments: Space 512K, Generation 512K, Heap 2M
 Heap Min Capacity: 100M
 Heap Initial Capacity: 100M
 Heap Max Capacity: 1G
 Pre-touch: Disabled
 Parallel Workers: 13
Heap:
 PSYoungGen      total 46592K, used 45856K [0x00000000eab00000, 0x00000000edb80000, 0x0000000100000000)
  eden space 44544K, 100% used [0x00000000eab00000,0x00000000ed680000,0x00000000ed680000)
  from space 2048K, 64% used [0x00000000ed680000,0x00000000ed7c8000,0x00000000ed880000)
  to   space 1536K, 0% used [0x00000000eda00000,0x00000000eda00000,0x00000000edb80000)
 ParOldGen       total 324608K, used 324267K [0x00000000c0000000, 0x00000000d3d00000, 0x00000000eab00000)
  object space 324608K, 99% used [0x00000000c0000000,0x00000000d3caaf90,0x00000000d3d00000)
 Metaspace       used 109061K, committed 111040K, reserved 1179648K
  class space    used 12440K, committed 13248K, reserved 1048576K
GC Heap History (20 events):
Event: 865.469 GC heap after
{Heap after GC invocations=3115 (full 49):
 PSYoungGen      total 38912K, used 1024K [0x00000000eab00000, 0x00000000ed300000, 0x0000000100000000)
  eden space 37888K, 0% used [0x00000000eab00000,0x00000000eab00000,0x00000000ed000000)
  from space 1024K, 100% used [0x00000000ed200000,0x00000000ed300000,0x00000000ed300000)
  to   space 1536K, 0% used [0x00000000ed000000,0x00000000ed000000,0x00000000ed180000)
 ParOldGen       total 324608K, used 320269K [0x00000000c0000000, 0x00000000d3d00000, 0x00000000eab00000)
  object space 324608K, 98% used [0x00000000c0000000,0x00000000d38c3408,0x00000000d3d00000)
 Metaspace       used 109061K, committed 111040K, reserved 1179648K
  class space    used 12440K, committed 13248K, reserved 1048576K
}
Event: 865.496 GC heap before
{Heap before GC invocations=3116 (full 49):
 PSYoungGen      total 38912K, used 38819K [0x00000000eab00000, 0x00000000ed300000, 0x0000000100000000)
  eden space 37888K, 99% used [0x00000000eab00000,0x00000000ecfe8d70,0x00000000ed000000)
  from space 1024K, 100% used [0x00000000ed200000,0x00000000ed300000,0x00000000ed300000)
  to   space 1536K, 0% used [0x00000000ed000000,0x00000000ed000000,0x00000000ed180000)
 ParOldGen       total 324608K, used 320269K [0x00000000c0000000, 0x00000000d3d00000, 0x00000000eab00000)
  object space 324608K, 98% used [0x00000000c0000000,0x00000000d38c3408,0x00000000d3d00000)
 Metaspace       used 109061K, committed 111040K, reserved 1179648K
  class space    used 12440K, committed 13248K, reserved 1048576K
}
Event: 865.498 GC heap after
{Heap after GC invocations=3116 (full 49):
 PSYoungGen      total 39424K, used 1536K [0x00000000eab00000, 0x00000000ed680000, 0x0000000100000000)
  eden space 37888K, 0% used [0x00000000eab00000,0x00000000eab00000,0x00000000ed000000)
  from space 1536K, 100% used [0x00000000ed000000,0x00000000ed180000,0x00000000ed180000)
  to   space 2048K, 0% used [0x00000000ed480000,0x00000000ed480000,0x00000000ed680000)
 ParOldGen       total 324608K, used 320390K [0x00000000c0000000, 0x00000000d3d00000, 0x00000000eab00000)
  object space 324608K, 98% used [0x00000000c0000000,0x00000000d38e1948,0x00000000d3d00000)
 Metaspace       used 109061K, committed 111040K, reserved 1179648K
  class space    used 12440K, committed 13248K, reserved 1048576K
}
Event: 865.521 GC heap before
{Heap before GC invocations=3117 (full 49):
 PSYoungGen      total 39424K, used 39424K [0x00000000eab00000, 0x00000000ed680000, 0x0000000100000000)
  eden space 37888K, 100% used [0x00000000eab00000,0x00000000ed000000,0x00000000ed000000)
  from space 1536K, 100% used [0x00000000ed000000,0x00000000ed180000,0x00000000ed180000)
  to   space 2048K, 0% used [0x00000000ed480000,0x00000000ed480000,0x00000000ed680000)
 ParOldGen       total 324608K, used 320390K [0x00000000c0000000, 0x00000000d3d00000, 0x00000000eab00000)
  object space 324608K, 98% used [0x00000000c0000000,0x00000000d38e1948,0x00000000d3d00000)
 Metaspace       used 109061K, committed 111040K, reserved 1179648K
  class space    used 12440K, committed 13248K, reserved 1048576K
}
Event: 865.523 GC heap after
{Heap after GC invocations=3117 (full 49):
 PSYoungGen      total 41984K, used 1216K [0x00000000eab00000, 0x00000000ed600000, 0x0000000100000000)
  eden space 40448K, 0% used [0x00000000eab00000,0x00000000eab00000,0x00000000ed280000)
  from space 1536K, 79% used [0x00000000ed480000,0x00000000ed5b0000,0x00000000ed600000)
  to   space 1536K, 0% used [0x00000000ed300000,0x00000000ed300000,0x00000000ed480000)
 ParOldGen       total 324608K, used 321272K [0x00000000c0000000, 0x00000000d3d00000, 0x00000000eab00000)
  object space 324608K, 98% used [0x00000000c0000000,0x00000000d39be270,0x00000000d3d00000)
 Metaspace       used 109061K, committed 111040K, reserved 1179648K
  class space    used 12440K, committed 13248K, reserved 1048576K
}
Event: 865.549 GC heap before
{Heap before GC invocations=3118 (full 49):
 PSYoungGen      total 41984K, used 41664K [0x00000000eab00000, 0x00000000ed600000, 0x0000000100000000)
  eden space 40448K, 100% used [0x00000000eab00000,0x00000000ed280000,0x00000000ed280000)
  from space 1536K, 79% used [0x00000000ed480000,0x00000000ed5b0000,0x00000000ed600000)
  to   space 1536K, 0% used [0x00000000ed300000,0x00000000ed300000,0x00000000ed480000)
 ParOldGen       total 324608K, used 321272K [0x00000000c0000000, 0x00000000d3d00000, 0x00000000eab00000)
  object space 324608K, 98% used [0x00000000c0000000,0x00000000d39be270,0x00000000d3d00000)
 Metaspace       used 109061K, committed 111040K, reserved 1179648K
  class space    used 12440K, committed 13248K, reserved 1048576K
}
Event: 865.550 GC heap after
{Heap after GC invocations=3118 (full 49):
 PSYoungGen      total 42496K, used 1368K [0x00000000eab00000, 0x00000000ed780000, 0x0000000100000000)
  eden space 40960K, 0% used [0x00000000eab00000,0x00000000eab00000,0x00000000ed300000)
  from space 1536K, 89% used [0x00000000ed300000,0x00000000ed456250,0x00000000ed480000)
  to   space 1536K, 0% used [0x00000000ed600000,0x00000000ed600000,0x00000000ed780000)
 ParOldGen       total 324608K, used 321272K [0x00000000c0000000, 0x00000000d3d00000, 0x00000000eab00000)
  object space 324608K, 98% used [0x00000000c0000000,0x00000000d39be270,0x00000000d3d00000)
 Metaspace       used 109061K, committed 111040K, reserved 1179648K
  class space    used 12440K, committed 13248K, reserved 1048576K
}
Event: 865.575 GC heap before
{Heap before GC invocations=3119 (full 49):
 PSYoungGen      total 42496K, used 42073K [0x00000000eab00000, 0x00000000ed780000, 0x0000000100000000)
  eden space 40960K, 99% used [0x00000000eab00000,0x00000000ed2c0250,0x00000000ed300000)
  from space 1536K, 89% used [0x00000000ed300000,0x00000000ed456250,0x00000000ed480000)
  to   space 1536K, 0% used [0x00000000ed600000,0x00000000ed600000,0x00000000ed780000)
 ParOldGen       total 324608K, used 321272K [0x00000000c0000000, 0x00000000d3d00000, 0x00000000eab00000)
  object space 324608K, 98% used [0x00000000c0000000,0x00000000d39be270,0x00000000d3d00000)
 Metaspace       used 109061K, committed 111040K, reserved 1179648K
  class space    used 12440K, committed 13248K, reserved 1048576K
}
Event: 865.576 GC heap after
{Heap after GC invocations=3119 (full 49):
 PSYoungGen      total 43520K, used 1524K [0x00000000eab00000, 0x00000000ed900000, 0x0000000100000000)
  eden space 41984K, 0% used [0x00000000eab00000,0x00000000eab00000,0x00000000ed400000)
  from space 1536K, 99% used [0x00000000ed600000,0x00000000ed77d360,0x00000000ed780000)
  to   space 2048K, 0% used [0x00000000ed400000,0x00000000ed400000,0x00000000ed600000)
 ParOldGen       total 324608K, used 321473K [0x00000000c0000000, 0x00000000d3d00000, 0x00000000eab00000)
  object space 324608K, 99% used [0x00000000c0000000,0x00000000d39f04c0,0x00000000d3d00000)
 Metaspace       used 109061K, committed 111040K, reserved 1179648K
  class space    used 12440K, committed 13248K, reserved 1048576K
}
Event: 865.601 GC heap before
{Heap before GC invocations=3120 (full 49):
 PSYoungGen      total 43520K, used 43119K [0x00000000eab00000, 0x00000000ed900000, 0x0000000100000000)
  eden space 41984K, 99% used [0x00000000eab00000,0x00000000ed39ec30,0x00000000ed400000)
  from space 1536K, 99% used [0x00000000ed600000,0x00000000ed77d360,0x00000000ed780000)
  to   space 2048K, 0% used [0x00000000ed400000,0x00000000ed400000,0x00000000ed600000)
 ParOldGen       total 324608K, used 321473K [0x00000000c0000000, 0x00000000d3d00000, 0x00000000eab00000)
  object space 324608K, 99% used [0x00000000c0000000,0x00000000d39f04c0,0x00000000d3d00000)
 Metaspace       used 109061K, committed 111040K, reserved 1179648K
  class space    used 12440K, committed 13248K, reserved 1048576K
}
Event: 865.602 GC heap after
{Heap after GC invocations=3120 (full 49):
 PSYoungGen      total 44032K, used 1376K [0x00000000eab00000, 0x00000000ed900000, 0x0000000100000000)
  eden space 41984K, 0% used [0x00000000eab00000,0x00000000eab00000,0x00000000ed400000)
  from space 2048K, 67% used [0x00000000ed400000,0x00000000ed558000,0x00000000ed600000)
  to   space 1536K, 0% used [0x00000000ed780000,0x00000000ed780000,0x00000000ed900000)
 ParOldGen       total 324608K, used 322403K [0x00000000c0000000, 0x00000000d3d00000, 0x00000000eab00000)
  object space 324608K, 99% used [0x00000000c0000000,0x00000000d3ad8c40,0x00000000d3d00000)
 Metaspace       used 109061K, committed 111040K, reserved 1179648K
  class space    used 12440K, committed 13248K, reserved 1048576K
}
Event: 865.627 GC heap before
{Heap before GC invocations=3121 (full 49):
 PSYoungGen      total 44032K, used 42890K [0x00000000eab00000, 0x00000000ed900000, 0x0000000100000000)
  eden space 41984K, 98% used [0x00000000eab00000,0x00000000ed38ab98,0x00000000ed400000)
  from space 2048K, 67% used [0x00000000ed400000,0x00000000ed558000,0x00000000ed600000)
  to   space 1536K, 0% used [0x00000000ed780000,0x00000000ed780000,0x00000000ed900000)
 ParOldGen       total 324608K, used 322403K [0x00000000c0000000, 0x00000000d3d00000, 0x00000000eab00000)
  object space 324608K, 99% used [0x00000000c0000000,0x00000000d3ad8c40,0x00000000d3d00000)
 Metaspace       used 109061K, committed 111040K, reserved 1179648K
  class space    used 12440K, committed 13248K, reserved 1048576K
}
Event: 865.628 GC heap after
{Heap after GC invocations=3121 (full 49):
 PSYoungGen      total 45056K, used 1527K [0x00000000eab00000, 0x00000000ed980000, 0x0000000100000000)
  eden space 43520K, 0% used [0x00000000eab00000,0x00000000eab00000,0x00000000ed580000)
  from space 1536K, 99% used [0x00000000ed780000,0x00000000ed8fdc38,0x00000000ed900000)
  to   space 2048K, 0% used [0x00000000ed580000,0x00000000ed580000,0x00000000ed780000)
 ParOldGen       total 324608K, used 322515K [0x00000000c0000000, 0x00000000d3d00000, 0x00000000eab00000)
  object space 324608K, 99% used [0x00000000c0000000,0x00000000d3af4c40,0x00000000d3d00000)
 Metaspace       used 109061K, committed 111040K, reserved 1179648K
  class space    used 12440K, committed 13248K, reserved 1048576K
}
Event: 865.655 GC heap before
{Heap before GC invocations=3122 (full 49):
 PSYoungGen      total 45056K, used 45047K [0x00000000eab00000, 0x00000000ed980000, 0x0000000100000000)
  eden space 43520K, 100% used [0x00000000eab00000,0x00000000ed580000,0x00000000ed580000)
  from space 1536K, 99% used [0x00000000ed780000,0x00000000ed8fdc38,0x00000000ed900000)
  to   space 2048K, 0% used [0x00000000ed580000,0x00000000ed580000,0x00000000ed780000)
 ParOldGen       total 324608K, used 322515K [0x00000000c0000000, 0x00000000d3d00000, 0x00000000eab00000)
  object space 324608K, 99% used [0x00000000c0000000,0x00000000d3af4c40,0x00000000d3d00000)
 Metaspace       used 109061K, committed 111040K, reserved 1179648K
  class space    used 12440K, committed 13248K, reserved 1048576K
}
Event: 865.656 GC heap after
{Heap after GC invocations=3122 (full 49):
 PSYoungGen      total 45568K, used 1271K [0x00000000eab00000, 0x00000000eda00000, 0x0000000100000000)
  eden space 43520K, 0% used [0x00000000eab00000,0x00000000eab00000,0x00000000ed580000)
  from space 2048K, 62% used [0x00000000ed580000,0x00000000ed6bdc38,0x00000000ed780000)
  to   space 1536K, 0% used [0x00000000ed880000,0x00000000ed880000,0x00000000eda00000)
 ParOldGen       total 324608K, used 323206K [0x00000000c0000000, 0x00000000d3d00000, 0x00000000eab00000)
  object space 324608K, 99% used [0x00000000c0000000,0x00000000d3ba1bc8,0x00000000d3d00000)
 Metaspace       used 109061K, committed 111040K, reserved 1179648K
  class space    used 12440K, committed 13248K, reserved 1048576K
}
Event: 865.683 GC heap before
{Heap before GC invocations=3123 (full 49):
 PSYoungGen      total 45568K, used 44524K [0x00000000eab00000, 0x00000000eda00000, 0x0000000100000000)
  eden space 43520K, 99% used [0x00000000eab00000,0x00000000ed53d758,0x00000000ed580000)
  from space 2048K, 62% used [0x00000000ed580000,0x00000000ed6bdc38,0x00000000ed780000)
  to   space 1536K, 0% used [0x00000000ed880000,0x00000000ed880000,0x00000000eda00000)
 ParOldGen       total 324608K, used 323206K [0x00000000c0000000, 0x00000000d3d00000, 0x00000000eab00000)
  object space 324608K, 99% used [0x00000000c0000000,0x00000000d3ba1bc8,0x00000000d3d00000)
 Metaspace       used 109061K, committed 111040K, reserved 1179648K
  class space    used 12440K, committed 13248K, reserved 1048576K
}
Event: 865.685 GC heap after
{Heap after GC invocations=3123 (full 49):
 PSYoungGen      total 46080K, used 1527K [0x00000000eab00000, 0x00000000edb80000, 0x0000000100000000)
  eden space 44544K, 0% used [0x00000000eab00000,0x00000000eab00000,0x00000000ed680000)
  from space 1536K, 99% used [0x00000000ed880000,0x00000000ed9fdc38,0x00000000eda00000)
  to   space 2048K, 0% used [0x00000000ed680000,0x00000000ed680000,0x00000000ed880000)
 ParOldGen       total 324608K, used 323374K [0x00000000c0000000, 0x00000000d3d00000, 0x00000000eab00000)
  object space 324608K, 99% used [0x00000000c0000000,0x00000000d3bcbbc8,0x00000000d3d00000)
 Metaspace       used 109061K, committed 111040K, reserved 1179648K
  class space    used 12440K, committed 13248K, reserved 1048576K
}
Event: 865.714 GC heap before
{Heap before GC invocations=3124 (full 49):
 PSYoungGen      total 46080K, used 46071K [0x00000000eab00000, 0x00000000edb80000, 0x0000000100000000)
  eden space 44544K, 100% used [0x00000000eab00000,0x00000000ed680000,0x00000000ed680000)
  from space 1536K, 99% used [0x00000000ed880000,0x00000000ed9fdc38,0x00000000eda00000)
  to   space 2048K, 0% used [0x00000000ed680000,0x00000000ed680000,0x00000000ed880000)
 ParOldGen       total 324608K, used 323374K [0x00000000c0000000, 0x00000000d3d00000, 0x00000000eab00000)
  object space 324608K, 99% used [0x00000000c0000000,0x00000000d3bcbbc8,0x00000000d3d00000)
 Metaspace       used 109061K, committed 111040K, reserved 1179648K
  class space    used 12440K, committed 13248K, reserved 1048576K
}
Event: 865.716 GC heap after
{Heap after GC invocations=3124 (full 49):
 PSYoungGen      total 46592K, used 1312K [0x00000000eab00000, 0x00000000edb80000, 0x0000000100000000)
  eden space 44544K, 0% used [0x00000000eab00000,0x00000000eab00000,0x00000000ed680000)
  from space 2048K, 64% used [0x00000000ed680000,0x00000000ed7c8000,0x00000000ed880000)
  to   space 1536K, 0% used [0x00000000eda00000,0x00000000eda00000,0x00000000edb80000)
 ParOldGen       total 324608K, used 324267K [0x00000000c0000000, 0x00000000d3d00000, 0x00000000eab00000)
  object space 324608K, 99% used [0x00000000c0000000,0x00000000d3caaf90,0x00000000d3d00000)
 Metaspace       used 109061K, committed 111040K, reserved 1179648K
  class space    used 12440K, committed 13248K, reserved 1048576K
}
Event: 865.744 GC heap before
{Heap before GC invocations=3125 (full 50):
 PSYoungGen      total 46592K, used 45856K [0x00000000eab00000, 0x00000000edb80000, 0x0000000100000000)
  eden space 44544K, 100% used [0x00000000eab00000,0x00000000ed680000,0x00000000ed680000)
  from space 2048K, 64% used [0x00000000ed680000,0x00000000ed7c8000,0x00000000ed880000)
  to   space 1536K, 0% used [0x00000000eda00000,0x00000000eda00000,0x00000000edb80000)
 ParOldGen       total 324608K, used 324267K [0x00000000c0000000, 0x00000000d3d00000, 0x00000000eab00000)
  object space 324608K, 99% used [0x00000000c0000000,0x00000000d3caaf90,0x00000000d3d00000)
 Metaspace       used 109061K, committed 111040K, reserved 1179648K
  class space    used 12440K, committed 13248K, reserved 1048576K
}

